Warnings in file C:\Users\sanat\Desktop\istd_4\CHAD-TO-DA-MOON\source\gameBeta.luc:
    Line 8, Column 2 : "alu" was never used
Warnings in file C:\Users\sanat\Desktop\istd_4\CHAD-TO-DA-MOON\source\compare.luc:
    Line 8, Column 4 : "y" was never used
    Line 7, Column 4 : "x" was never used
Warnings in file C:\Users\sanat\Desktop\istd_4\CHAD-TO-DA-MOON\source\au_top.luc:
    Line 24, Column 6 : "beta" was never used
    Line 11, Column 4 : "io_dip" was never used
Starting Vivado...

****** Vivado v2020.2 (64-bit)
  **** SW Build 3064766 on Wed Nov 18 09:12:45 MST 2020
  **** IP Build 3064653 on Wed Nov 18 14:17:31 MST 2020
    ** Copyright 1986-2020 Xilinx, Inc. All Rights Reserved.

source {C:\Users\sanat\Desktop\istd_4\CHAD-TO-DA-MOON\work\project.tcl}
# set projDir "C:/Users/sanat/Desktop/istd_4/CHAD-TO-DA-MOON/work/vivado"
# set projName "CHAD-TO-DA-MOON"
# set topName top
# set device xc7a35tftg256-1
# if {[file exists "$projDir/$projName"]} { file delete -force "$projDir/$projName" }
# create_project $projName "$projDir/$projName" -part $device
# set_property design_mode RTL [get_filesets sources_1]
# set verilogSources [list "C:/Users/sanat/Desktop/istd_4/CHAD-TO-DA-MOON/work/verilog/au_top_0.v" "C:/Users/sanat/Desktop/istd_4/CHAD-TO-DA-MOON/work/verilog/reset_conditioner_1.v" "C:/Users/sanat/Desktop/istd_4/CHAD-TO-DA-MOON/work/verilog/button_conditioner_2.v" "C:/Users/sanat/Desktop/istd_4/CHAD-TO-DA-MOON/work/verilog/edge_detector_3.v" "C:/Users/sanat/Desktop/istd_4/CHAD-TO-DA-MOON/work/verilog/multiSevenSegment_4.v" "C:/Users/sanat/Desktop/istd_4/CHAD-TO-DA-MOON/work/verilog/gameBeta_5.v" "C:/Users/sanat/Desktop/istd_4/CHAD-TO-DA-MOON/work/verilog/pipeline_6.v" "C:/Users/sanat/Desktop/istd_4/CHAD-TO-DA-MOON/work/verilog/counter_7.v" "C:/Users/sanat/Desktop/istd_4/CHAD-TO-DA-MOON/work/verilog/sevenSegment_8.v" "C:/Users/sanat/Desktop/istd_4/CHAD-TO-DA-MOON/work/verilog/decoder_9.v" "C:/Users/sanat/Desktop/istd_4/CHAD-TO-DA-MOON/work/verilog/gameAlu_10.v" "C:/Users/sanat/Desktop/istd_4/CHAD-TO-DA-MOON/work/verilog/gameCU_11.v" "C:/Users/sanat/Desktop/istd_4/CHAD-TO-DA-MOON/work/verilog/adder_12.v" "C:/Users/sanat/Desktop/istd_4/CHAD-TO-DA-MOON/work/verilog/boolean_13.v" "C:/Users/sanat/Desktop/istd_4/CHAD-TO-DA-MOON/work/verilog/shifter_14.v" "C:/Users/sanat/Desktop/istd_4/CHAD-TO-DA-MOON/work/verilog/compare_15.v" "C:/Users/sanat/Desktop/istd_4/CHAD-TO-DA-MOON/work/verilog/multiplier_16.v" "C:/Users/sanat/Desktop/istd_4/CHAD-TO-DA-MOON/work/verilog/minimum_17.v" ]
# import_files -fileset [get_filesets sources_1] -force -norecurse $verilogSources
# set xdcSources [list "C:/Users/sanat/Desktop/istd_4/CHAD-TO-DA-MOON/work/constraint/alchitry.xdc" "C:/Users/sanat/Desktop/istd_4/CHAD-TO-DA-MOON/work/constraint/io.xdc" "C:/Program\ Files/Alchitry/Alchitry\ Labs/library/components/au.xdc" ]
# read_xdc $xdcSources
# set_property STEPS.WRITE_BITSTREAM.ARGS.BIN_FILE true [get_runs impl_1]
# update_compile_order -fileset sources_1
# launch_runs -runs synth_1 -jobs 16

[Tue Mar 29 14:34:47 2022] Launched synth_1...
Run output will be captured here: C:/Users/sanat/Desktop/istd_4/CHAD-TO-DA-MOON/work/vivado/CHAD-TO-DA-MOON/CHAD-TO-DA-MOON.runs/synth_1/runme.log
# wait_on_run synth_1
[Tue Mar 29 14:34:47 2022] Waiting for synth_1 to finish...

*** Running vivado
    with args -log au_top_0.vds -m64 -product Vivado -mode batch -messageDb vivado.pb -notrace -source au_top_0.tcl



****** Vivado v2020.2 (64-bit)
  **** SW Build 3064766 on Wed Nov 18 09:12:45 MST 2020
  **** IP Build 3064653 on Wed Nov 18 14:17:31 MST 2020
    ** Copyright 1986-2020 Xilinx, Inc. All Rights Reserved.

source au_top_0.tcl -notrace
Command: synth_design -top au_top_0 -part xc7a35tftg256-1
Starting synth_design
Attempting to get a license for feature 'Synthesis' and/or device 'xc7a35t'
INFO: [Common 17-349] Got license for feature 'Synthesis' and/or device 'xc7a35t'
INFO: [Device 21-403] Loading part xc7a35tftg256-1
INFO: [Synth 8-7079] Multithreading enabled for synth_design using a maximum of 2 processes.
INFO: [Synth 8-7078] Launching helper process for spawning children vivado processes
INFO: [Synth 8-7075] Helper process launched with PID 1724
---------------------------------------------------------------------------------
Starting RTL Elaboration : Time (s): cpu = 00:00:04 ; elapsed = 00:00:04 . Memory (MB): peak = 999.609 ; gain = 0.000
---------------------------------------------------------------------------------
INFO: [Synth 8-6157] synthesizing module 'au_top_0' [C:/Users/sanat/Desktop/istd_4/CHAD-TO-DA-MOON/work/vivado/CHAD-TO-DA-MOON/CHAD-TO-DA-MOON.srcs/sources_1/imports/verilog/au_top_0.v:7]
INFO: [Synth 8-6157] synthesizing module 'button_conditioner_2' [C:/Users/sanat/Desktop/istd_4/CHAD-TO-DA-MOON/work/vivado/CHAD-TO-DA-MOON/CHAD-TO-DA-MOON.srcs/sources_1/imports/verilog/button_conditioner_2.v:13]
	Parameter CLK_FREQ bound to: 26'b10111110101111000010000000 
	Parameter MIN_DELAY bound to: 5'b10100 
	Parameter NUM_SYNC bound to: 2'b10 
INFO: [Synth 8-6157] synthesizing module 'pipeline_6' [C:/Users/sanat/Desktop/istd_4/CHAD-TO-DA-MOON/work/vivado/CHAD-TO-DA-MOON/CHAD-TO-DA-MOON.srcs/sources_1/imports/verilog/pipeline_6.v:11]
	Parameter DEPTH bound to: 2'b10 
INFO: [Synth 8-6155] done synthesizing module 'pipeline_6' (1#1) [C:/Users/sanat/Desktop/istd_4/CHAD-TO-DA-MOON/work/vivado/CHAD-TO-DA-MOON/CHAD-TO-DA-MOON.srcs/sources_1/imports/verilog/pipeline_6.v:11]
INFO: [Synth 8-6155] done synthesizing module 'button_conditioner_2' (2#1) [C:/Users/sanat/Desktop/istd_4/CHAD-TO-DA-MOON/work/vivado/CHAD-TO-DA-MOON/CHAD-TO-DA-MOON.srcs/sources_1/imports/verilog/button_conditioner_2.v:13]
INFO: [Synth 8-6157] synthesizing module 'edge_detector_3' [C:/Users/sanat/Desktop/istd_4/CHAD-TO-DA-MOON/work/vivado/CHAD-TO-DA-MOON/CHAD-TO-DA-MOON.srcs/sources_1/imports/verilog/edge_detector_3.v:12]
	Parameter RISE bound to: 1'b1 
	Parameter FALL bound to: 1'b0 
INFO: [Synth 8-6155] done synthesizing module 'edge_detector_3' (3#1) [C:/Users/sanat/Desktop/istd_4/CHAD-TO-DA-MOON/work/vivado/CHAD-TO-DA-MOON/CHAD-TO-DA-MOON.srcs/sources_1/imports/verilog/edge_detector_3.v:12]
INFO: [Synth 8-6157] synthesizing module 'reset_conditioner_1' [C:/Users/sanat/Desktop/istd_4/CHAD-TO-DA-MOON/work/vivado/CHAD-TO-DA-MOON/CHAD-TO-DA-MOON.srcs/sources_1/imports/verilog/reset_conditioner_1.v:11]
	Parameter STAGES bound to: 3'b100 
INFO: [Synth 8-6155] done synthesizing module 'reset_conditioner_1' (4#1) [C:/Users/sanat/Desktop/istd_4/CHAD-TO-DA-MOON/work/vivado/CHAD-TO-DA-MOON/CHAD-TO-DA-MOON.srcs/sources_1/imports/verilog/reset_conditioner_1.v:11]
INFO: [Synth 8-6157] synthesizing module 'multiSevenSegment_4' [C:/Users/sanat/Desktop/istd_4/CHAD-TO-DA-MOON/work/vivado/CHAD-TO-DA-MOON/CHAD-TO-DA-MOON.srcs/sources_1/imports/verilog/multiSevenSegment_4.v:12]
	Parameter DIGITS bound to: 3'b100 
	Parameter DIV bound to: 5'b10000 
	Parameter DIGIT_BITS bound to: 2'b10 
INFO: [Synth 8-6157] synthesizing module 'counter_7' [C:/Users/sanat/Desktop/istd_4/CHAD-TO-DA-MOON/work/vivado/CHAD-TO-DA-MOON/CHAD-TO-DA-MOON.srcs/sources_1/imports/verilog/counter_7.v:14]
	Parameter SIZE bound to: 2'b10 
	Parameter DIV bound to: 5'b10000 
	Parameter TOP bound to: 4'b0011 
	Parameter UP bound to: 1'b1 
	Parameter MAX_VALUE bound to: 20'b00111111111111111111 
INFO: [Synth 8-6155] done synthesizing module 'counter_7' (5#1) [C:/Users/sanat/Desktop/istd_4/CHAD-TO-DA-MOON/work/vivado/CHAD-TO-DA-MOON/CHAD-TO-DA-MOON.srcs/sources_1/imports/verilog/counter_7.v:14]
INFO: [Synth 8-6157] synthesizing module 'sevenSegment_8' [C:/Users/sanat/Desktop/istd_4/CHAD-TO-DA-MOON/work/vivado/CHAD-TO-DA-MOON/CHAD-TO-DA-MOON.srcs/sources_1/imports/verilog/sevenSegment_8.v:7]
INFO: [Synth 8-226] default block is never used [C:/Users/sanat/Desktop/istd_4/CHAD-TO-DA-MOON/work/vivado/CHAD-TO-DA-MOON/CHAD-TO-DA-MOON.srcs/sources_1/imports/verilog/sevenSegment_8.v:16]
INFO: [Synth 8-6155] done synthesizing module 'sevenSegment_8' (6#1) [C:/Users/sanat/Desktop/istd_4/CHAD-TO-DA-MOON/work/vivado/CHAD-TO-DA-MOON/CHAD-TO-DA-MOON.srcs/sources_1/imports/verilog/sevenSegment_8.v:7]
INFO: [Synth 8-6157] synthesizing module 'decoder_9' [C:/Users/sanat/Desktop/istd_4/CHAD-TO-DA-MOON/work/vivado/CHAD-TO-DA-MOON/CHAD-TO-DA-MOON.srcs/sources_1/imports/verilog/decoder_9.v:11]
	Parameter WIDTH bound to: 2'b10 
INFO: [Synth 8-6155] done synthesizing module 'decoder_9' (7#1) [C:/Users/sanat/Desktop/istd_4/CHAD-TO-DA-MOON/work/vivado/CHAD-TO-DA-MOON/CHAD-TO-DA-MOON.srcs/sources_1/imports/verilog/decoder_9.v:11]
INFO: [Synth 8-6155] done synthesizing module 'multiSevenSegment_4' (8#1) [C:/Users/sanat/Desktop/istd_4/CHAD-TO-DA-MOON/work/vivado/CHAD-TO-DA-MOON/CHAD-TO-DA-MOON.srcs/sources_1/imports/verilog/multiSevenSegment_4.v:12]
INFO: [Synth 8-6157] synthesizing module 'gameBeta_5' [C:/Users/sanat/Desktop/istd_4/CHAD-TO-DA-MOON/work/vivado/CHAD-TO-DA-MOON/CHAD-TO-DA-MOON.srcs/sources_1/imports/verilog/gameBeta_5.v:7]
INFO: [Synth 8-6157] synthesizing module 'gameAlu_10' [C:/Users/sanat/Desktop/istd_4/CHAD-TO-DA-MOON/work/vivado/CHAD-TO-DA-MOON/CHAD-TO-DA-MOON.srcs/sources_1/imports/verilog/gameAlu_10.v:7]
INFO: [Synth 8-6157] synthesizing module 'adder_12' [C:/Users/sanat/Desktop/istd_4/CHAD-TO-DA-MOON/work/vivado/CHAD-TO-DA-MOON/CHAD-TO-DA-MOON.srcs/sources_1/imports/verilog/adder_12.v:7]
INFO: [Synth 8-226] default block is never used [C:/Users/sanat/Desktop/istd_4/CHAD-TO-DA-MOON/work/vivado/CHAD-TO-DA-MOON/CHAD-TO-DA-MOON.srcs/sources_1/imports/verilog/adder_12.v:24]
INFO: [Synth 8-6155] done synthesizing module 'adder_12' (9#1) [C:/Users/sanat/Desktop/istd_4/CHAD-TO-DA-MOON/work/vivado/CHAD-TO-DA-MOON/CHAD-TO-DA-MOON.srcs/sources_1/imports/verilog/adder_12.v:7]
INFO: [Synth 8-6157] synthesizing module 'boolean_13' [C:/Users/sanat/Desktop/istd_4/CHAD-TO-DA-MOON/work/vivado/CHAD-TO-DA-MOON/CHAD-TO-DA-MOON.srcs/sources_1/imports/verilog/boolean_13.v:7]
INFO: [Synth 8-226] default block is never used [C:/Users/sanat/Desktop/istd_4/CHAD-TO-DA-MOON/work/vivado/CHAD-TO-DA-MOON/CHAD-TO-DA-MOON.srcs/sources_1/imports/verilog/boolean_13.v:18]
INFO: [Synth 8-6155] done synthesizing module 'boolean_13' (10#1) [C:/Users/sanat/Desktop/istd_4/CHAD-TO-DA-MOON/work/vivado/CHAD-TO-DA-MOON/CHAD-TO-DA-MOON.srcs/sources_1/imports/verilog/boolean_13.v:7]
INFO: [Synth 8-6157] synthesizing module 'shifter_14' [C:/Users/sanat/Desktop/istd_4/CHAD-TO-DA-MOON/work/vivado/CHAD-TO-DA-MOON/CHAD-TO-DA-MOON.srcs/sources_1/imports/verilog/shifter_14.v:7]
INFO: [Synth 8-6155] done synthesizing module 'shifter_14' (11#1) [C:/Users/sanat/Desktop/istd_4/CHAD-TO-DA-MOON/work/vivado/CHAD-TO-DA-MOON/CHAD-TO-DA-MOON.srcs/sources_1/imports/verilog/shifter_14.v:7]
INFO: [Synth 8-6157] synthesizing module 'compare_15' [C:/Users/sanat/Desktop/istd_4/CHAD-TO-DA-MOON/work/vivado/CHAD-TO-DA-MOON/CHAD-TO-DA-MOON.srcs/sources_1/imports/verilog/compare_15.v:7]
INFO: [Synth 8-6155] done synthesizing module 'compare_15' (12#1) [C:/Users/sanat/Desktop/istd_4/CHAD-TO-DA-MOON/work/vivado/CHAD-TO-DA-MOON/CHAD-TO-DA-MOON.srcs/sources_1/imports/verilog/compare_15.v:7]
INFO: [Synth 8-6157] synthesizing module 'multiplier_16' [C:/Users/sanat/Desktop/istd_4/CHAD-TO-DA-MOON/work/vivado/CHAD-TO-DA-MOON/CHAD-TO-DA-MOON.srcs/sources_1/imports/verilog/multiplier_16.v:7]
INFO: [Synth 8-6155] done synthesizing module 'multiplier_16' (13#1) [C:/Users/sanat/Desktop/istd_4/CHAD-TO-DA-MOON/work/vivado/CHAD-TO-DA-MOON/CHAD-TO-DA-MOON.srcs/sources_1/imports/verilog/multiplier_16.v:7]
INFO: [Synth 8-6157] synthesizing module 'minimum_17' [C:/Users/sanat/Desktop/istd_4/CHAD-TO-DA-MOON/work/vivado/CHAD-TO-DA-MOON/CHAD-TO-DA-MOON.srcs/sources_1/imports/verilog/minimum_17.v:7]
INFO: [Synth 8-6155] done synthesizing module 'minimum_17' (14#1) [C:/Users/sanat/Desktop/istd_4/CHAD-TO-DA-MOON/work/vivado/CHAD-TO-DA-MOON/CHAD-TO-DA-MOON.srcs/sources_1/imports/verilog/minimum_17.v:7]
INFO: [Synth 8-6155] done synthesizing module 'gameAlu_10' (15#1) [C:/Users/sanat/Desktop/istd_4/CHAD-TO-DA-MOON/work/vivado/CHAD-TO-DA-MOON/CHAD-TO-DA-MOON.srcs/sources_1/imports/verilog/gameAlu_10.v:7]
INFO: [Synth 8-6157] synthesizing module 'gameCU_11' [C:/Users/sanat/Desktop/istd_4/CHAD-TO-DA-MOON/work/vivado/CHAD-TO-DA-MOON/CHAD-TO-DA-MOON.srcs/sources_1/imports/verilog/gameCU_11.v:7]
	Parameter IDLE_gameState bound to: 5'b00000 
	Parameter PLAY_gameState bound to: 5'b00001 
	Parameter LEFT_CHECK_gameState bound to: 5'b00010 
	Parameter LEFT_BRANCH_gameState bound to: 5'b00011 
	Parameter LEFT_REPOS_gameState bound to: 5'b00100 
	Parameter RIGHT_CHECK_gameState bound to: 5'b00101 
	Parameter RIGHT_BRANCH_gameState bound to: 5'b00110 
	Parameter RIGHT_REPOS_gameState bound to: 5'b00111 
	Parameter SHOOT_gameState bound to: 5'b01000 
	Parameter COUNT_BOMBS_gameState bound to: 5'b01001 
	Parameter CHECK_POSITION_BOMB_0_gameState bound to: 5'b01010 
	Parameter CHECK_POSITION_BOMB_1_gameState bound to: 5'b01011 
	Parameter CHECK_POSITION_BOMB_2_gameState bound to: 5'b01100 
	Parameter CHECK_POSITION_BOMB_3_gameState bound to: 5'b01101 
	Parameter CHECK_POSITION_BOMB_4_gameState bound to: 5'b01110 
	Parameter CHECK_POSITION_BOMB_5_gameState bound to: 5'b01111 
	Parameter CHECK_POSITION_BOMB_6_gameState bound to: 5'b10000 
	Parameter CHECK_POSITION_BOMB_7_gameState bound to: 5'b10001 
	Parameter INCREMENT_BOMB_0_gameState bound to: 5'b10010 
	Parameter INCREMENT_BOMB_1_gameState bound to: 5'b10011 
	Parameter INCREMENT_BOMB_2_gameState bound to: 5'b10100 
	Parameter INCREMENT_BOMB_3_gameState bound to: 5'b10101 
	Parameter INCREMENT_BOMB_4_gameState bound to: 5'b10110 
	Parameter INCREMENT_BOMB_5_gameState bound to: 5'b10111 
	Parameter INCREMENT_BOMB_6_gameState bound to: 5'b11000 
	Parameter INCREMENT_BOMB_7_gameState bound to: 5'b11001 
	Parameter UPDATE_LIVES_gameState bound to: 5'b11010 
	Parameter UPDATE_BOARD_gameState bound to: 5'b11011 
	Parameter WIN_gameState bound to: 5'b11100 
	Parameter LOSE_gameState bound to: 5'b11101 
	Parameter RESET_gameState bound to: 5'b11110 
INFO: [Synth 8-155] case statement is not full and has no default [C:/Users/sanat/Desktop/istd_4/CHAD-TO-DA-MOON/work/vivado/CHAD-TO-DA-MOON/CHAD-TO-DA-MOON.srcs/sources_1/imports/verilog/gameCU_11.v:75]
INFO: [Synth 8-6155] done synthesizing module 'gameCU_11' (16#1) [C:/Users/sanat/Desktop/istd_4/CHAD-TO-DA-MOON/work/vivado/CHAD-TO-DA-MOON/CHAD-TO-DA-MOON.srcs/sources_1/imports/verilog/gameCU_11.v:7]
INFO: [Synth 8-226] default block is never used [C:/Users/sanat/Desktop/istd_4/CHAD-TO-DA-MOON/work/vivado/CHAD-TO-DA-MOON/CHAD-TO-DA-MOON.srcs/sources_1/imports/verilog/gameBeta_5.v:66]
INFO: [Synth 8-6155] done synthesizing module 'gameBeta_5' (17#1) [C:/Users/sanat/Desktop/istd_4/CHAD-TO-DA-MOON/work/vivado/CHAD-TO-DA-MOON/CHAD-TO-DA-MOON.srcs/sources_1/imports/verilog/gameBeta_5.v:7]
INFO: [Synth 8-6155] done synthesizing module 'au_top_0' (18#1) [C:/Users/sanat/Desktop/istd_4/CHAD-TO-DA-MOON/work/vivado/CHAD-TO-DA-MOON/CHAD-TO-DA-MOON.srcs/sources_1/imports/verilog/au_top_0.v:7]
---------------------------------------------------------------------------------
Finished RTL Elaboration : Time (s): cpu = 00:00:05 ; elapsed = 00:00:05 . Memory (MB): peak = 999.609 ; gain = 0.000
---------------------------------------------------------------------------------
---------------------------------------------------------------------------------
Start Handling Custom Attributes
---------------------------------------------------------------------------------
---------------------------------------------------------------------------------
Finished Handling Custom Attributes : Time (s): cpu = 00:00:06 ; elapsed = 00:00:06 . Memory (MB): peak = 999.609 ; gain = 0.000
---------------------------------------------------------------------------------
---------------------------------------------------------------------------------
Finished RTL Optimization Phase 1 : Time (s): cpu = 00:00:06 ; elapsed = 00:00:06 . Memory (MB): peak = 999.609 ; gain = 0.000
---------------------------------------------------------------------------------
Netlist sorting complete. Time (s): cpu = 00:00:00 ; elapsed = 00:00:00.010 . Memory (MB): peak = 999.609 ; gain = 0.000
INFO: [Project 1-570] Preparing netlist for logic optimization

Processing XDC Constraints
Initializing timing engine
Parsing XDC File [C:/Users/sanat/Desktop/istd_4/CHAD-TO-DA-MOON/work/constraint/alchitry.xdc]
Finished Parsing XDC File [C:/Users/sanat/Desktop/istd_4/CHAD-TO-DA-MOON/work/constraint/alchitry.xdc]
INFO: [Project 1-236] Implementation specific constraints were found while reading constraint file [C:/Users/sanat/Desktop/istd_4/CHAD-TO-DA-MOON/work/constraint/alchitry.xdc]. These constraints will be ignored for synthesis but will be used in implementation. Impacted constraints are listed in the file [.Xil/au_top_0_propImpl.xdc].
Resolution: To avoid this warning, move constraints listed in [.Xil/au_top_0_propImpl.xdc] to another XDC file and exclude this new file from synthesis with the used_in_synthesis property (File Properties dialog in GUI) and re-run elaboration/synthesis.
Parsing XDC File [C:/Users/sanat/Desktop/istd_4/CHAD-TO-DA-MOON/work/constraint/io.xdc]
Finished Parsing XDC File [C:/Users/sanat/Desktop/istd_4/CHAD-TO-DA-MOON/work/constraint/io.xdc]
INFO: [Project 1-236] Implementation specific constraints were found while reading constraint file [C:/Users/sanat/Desktop/istd_4/CHAD-TO-DA-MOON/work/constraint/io.xdc]. These constraints will be ignored for synthesis but will be used in implementation. Impacted constraints are listed in the file [.Xil/au_top_0_propImpl.xdc].
Resolution: To avoid this warning, move constraints listed in [.Xil/au_top_0_propImpl.xdc] to another XDC file and exclude this new file from synthesis with the used_in_synthesis property (File Properties dialog in GUI) and re-run elaboration/synthesis.
Parsing XDC File [C:/Program Files/Alchitry/Alchitry Labs/library/components/au.xdc]
Finished Parsing XDC File [C:/Program Files/Alchitry/Alchitry Labs/library/components/au.xdc]
Completed Processing XDC Constraints

Netlist sorting complete. Time (s): cpu = 00:00:00 ; elapsed = 00:00:00 . Memory (MB): peak = 999.609 ; gain = 0.000
INFO: [Project 1-111] Unisim Transformation Summary:
No Unisim elements were transformed.

Constraint Validation Runtime : Time (s): cpu = 00:00:00 ; elapsed = 00:00:00.003 . Memory (MB): peak = 999.609 ; gain = 0.000
---------------------------------------------------------------------------------
Finished Constraint Validation : Time (s): cpu = 00:00:11 ; elapsed = 00:00:11 . Memory (MB): peak = 999.609 ; gain = 0.000
---------------------------------------------------------------------------------
---------------------------------------------------------------------------------
Start Loading Part and Timing Information
---------------------------------------------------------------------------------
Loading part: xc7a35tftg256-1
---------------------------------------------------------------------------------
Finished Loading Part and Timing Information : Time (s): cpu = 00:00:11 ; elapsed = 00:00:11 . Memory (MB): peak = 999.609 ; gain = 0.000
---------------------------------------------------------------------------------
---------------------------------------------------------------------------------
Start Applying 'set_property' XDC Constraints
---------------------------------------------------------------------------------
---------------------------------------------------------------------------------
Finished applying 'set_property' XDC Constraints : Time (s): cpu = 00:00:11 ; elapsed = 00:00:12 . Memory (MB): peak = 999.609 ; gain = 0.000
---------------------------------------------------------------------------------
INFO: [Synth 8-802] inferred FSM for state register 'M_gameState_q_reg' in module 'gameCU_11'
---------------------------------------------------------------------------------------------------
                   State |                     New Encoding |                Previous Encoding 
---------------------------------------------------------------------------------------------------
          IDLE_gameState |     0000000000000000000000000001 |                            00000
          PLAY_gameState |     0000000000000000000000000010 |                            00001
   RIGHT_CHECK_gameState |     0000000000000000000000000100 |                            00101
  RIGHT_BRANCH_gameState |     0000000000000000000000001000 |                            00110
   RIGHT_REPOS_gameState |     0000000000000000000000010000 |                            00111
         SHOOT_gameState |     0000000000000000000000100000 |                            01000
    LEFT_CHECK_gameState |     0000000000000000000001000000 |                            00010
   LEFT_BRANCH_gameState |     0000000000000000000010000000 |                            00011
    LEFT_REPOS_gameState |     0000000000000000000100000000 |                            00100
   COUNT_BOMBS_gameState |     0000000000000000001000000000 |                            01001
CHECK_POSITION_BOMB_0_gameState |     0000000000000000010000000000 |                            01010
INCREMENT_BOMB_0_gameState |     0000000000000000100000000000 |                            10010
CHECK_POSITION_BOMB_1_gameState |     0000000000000001000000000000 |                            01011
INCREMENT_BOMB_1_gameState |     0000000000000010000000000000 |                            10011
CHECK_POSITION_BOMB_2_gameState |     0000000000000100000000000000 |                            01100
INCREMENT_BOMB_2_gameState |     0000000000001000000000000000 |                            10100
CHECK_POSITION_BOMB_3_gameState |     0000000000010000000000000000 |                            01101
INCREMENT_BOMB_3_gameState |     0000000000100000000000000000 |                            10101
CHECK_POSITION_BOMB_4_gameState |     0000000001000000000000000000 |                            01110
INCREMENT_BOMB_4_gameState |     0000000010000000000000000000 |                            10110
CHECK_POSITION_BOMB_5_gameState |     0000000100000000000000000000 |                            01111
INCREMENT_BOMB_5_gameState |     0000001000000000000000000000 |                            10111
CHECK_POSITION_BOMB_6_gameState |     0000010000000000000000000000 |                            10000
INCREMENT_BOMB_6_gameState |     0000100000000000000000000000 |                            11000
CHECK_POSITION_BOMB_7_gameState |     0001000000000000000000000000 |                            10001
INCREMENT_BOMB_7_gameState |     0010000000000000000000000000 |                            11001
  UPDATE_LIVES_gameState |     0100000000000000000000000000 |                            11010
  UPDATE_BOARD_gameState |     1000000000000000000000000000 |                            11011
---------------------------------------------------------------------------------------------------
INFO: [Synth 8-3354] encoded FSM with state register 'M_gameState_q_reg' using encoding 'one-hot' in module 'gameCU_11'
---------------------------------------------------------------------------------
Finished RTL Optimization Phase 2 : Time (s): cpu = 00:00:12 ; elapsed = 00:00:12 . Memory (MB): peak = 999.609 ; gain = 0.000
---------------------------------------------------------------------------------
---------------------------------------------------------------------------------
Start RTL Component Statistics 
---------------------------------------------------------------------------------
Detailed RTL Component Info : 
+---Adders : 
	   2 Input   18 Bit       Adders := 1     
	   3 Input   16 Bit       Adders := 1     
+---XORs : 
	   2 Input     16 Bit         XORs := 1     
	   2 Input      1 Bit         XORs := 2     
+---Registers : 
	               18 Bit    Registers := 1     
	                4 Bit    Registers := 1     
	                2 Bit    Registers := 5     
	                1 Bit    Registers := 5     
+---Muxes : 
	  28 Input   28 Bit        Muxes := 1     
	   2 Input   28 Bit        Muxes := 14    
	   2 Input   18 Bit        Muxes := 1     
	   2 Input   16 Bit        Muxes := 6     
	   4 Input   16 Bit        Muxes := 3     
	  28 Input    7 Bit        Muxes := 3     
	  28 Input    6 Bit        Muxes := 1     
	   4 Input    4 Bit        Muxes := 1     
	  28 Input    3 Bit        Muxes := 1     
	   2 Input    1 Bit        Muxes := 5     
	  28 Input    1 Bit        Muxes := 4     
---------------------------------------------------------------------------------
Finished RTL Component Statistics 
---------------------------------------------------------------------------------
---------------------------------------------------------------------------------
Start Part Resource Summary
---------------------------------------------------------------------------------
Part Resources:
DSPs: 90 (col length:60)
BRAMs: 100 (col length: RAMB18 60 RAMB36 30)
---------------------------------------------------------------------------------
Finished Part Resource Summary
---------------------------------------------------------------------------------
---------------------------------------------------------------------------------
Start Cross Boundary and Area Optimization
---------------------------------------------------------------------------------
---------------------------------------------------------------------------------
Finished Cross Boundary and Area Optimization : Time (s): cpu = 00:00:13 ; elapsed = 00:00:13 . Memory (MB): peak = 999.609 ; gain = 0.000
---------------------------------------------------------------------------------
---------------------------------------------------------------------------------
Start Applying XDC Timing Constraints
---------------------------------------------------------------------------------
---------------------------------------------------------------------------------
Finished Applying XDC Timing Constraints : Time (s): cpu = 00:00:17 ; elapsed = 00:00:18 . Memory (MB): peak = 999.609 ; gain = 0.000
---------------------------------------------------------------------------------
---------------------------------------------------------------------------------
Start Timing Optimization
---------------------------------------------------------------------------------
---------------------------------------------------------------------------------
Finished Timing Optimization : Time (s): cpu = 00:00:17 ; elapsed = 00:00:18 . Memory (MB): peak = 999.609 ; gain = 0.000
---------------------------------------------------------------------------------
---------------------------------------------------------------------------------
Start Technology Mapping
---------------------------------------------------------------------------------
---------------------------------------------------------------------------------
Finished Technology Mapping : Time (s): cpu = 00:00:17 ; elapsed = 00:00:18 . Memory (MB): peak = 999.609 ; gain = 0.000
---------------------------------------------------------------------------------
---------------------------------------------------------------------------------
Start IO Insertion
---------------------------------------------------------------------------------
---------------------------------------------------------------------------------
Start Flattening Before IO Insertion
---------------------------------------------------------------------------------
---------------------------------------------------------------------------------
Finished Flattening Before IO Insertion
---------------------------------------------------------------------------------
---------------------------------------------------------------------------------
Start Final Netlist Cleanup
---------------------------------------------------------------------------------
---------------------------------------------------------------------------------
Finished Final Netlist Cleanup
---------------------------------------------------------------------------------
---------------------------------------------------------------------------------
Finished IO Insertion : Time (s): cpu = 00:00:20 ; elapsed = 00:00:21 . Memory (MB): peak = 999.609 ; gain = 0.000
---------------------------------------------------------------------------------
---------------------------------------------------------------------------------
Start Renaming Generated Instances
---------------------------------------------------------------------------------
---------------------------------------------------------------------------------
Finished Renaming Generated Instances : Time (s): cpu = 00:00:20 ; elapsed = 00:00:21 . Memory (MB): peak = 999.609 ; gain = 0.000
---------------------------------------------------------------------------------
---------------------------------------------------------------------------------
Start Rebuilding User Hierarchy
---------------------------------------------------------------------------------
---------------------------------------------------------------------------------
Finished Rebuilding User Hierarchy : Time (s): cpu = 00:00:20 ; elapsed = 00:00:21 . Memory (MB): peak = 999.609 ; gain = 0.000
---------------------------------------------------------------------------------
---------------------------------------------------------------------------------
Start Renaming Generated Ports
---------------------------------------------------------------------------------
---------------------------------------------------------------------------------
Finished Renaming Generated Ports : Time (s): cpu = 00:00:20 ; elapsed = 00:00:21 . Memory (MB): peak = 999.609 ; gain = 0.000
---------------------------------------------------------------------------------
---------------------------------------------------------------------------------
Start Handling Custom Attributes
---------------------------------------------------------------------------------
---------------------------------------------------------------------------------
Finished Handling Custom Attributes : Time (s): cpu = 00:00:20 ; elapsed = 00:00:21 . Memory (MB): peak = 999.609 ; gain = 0.000
---------------------------------------------------------------------------------
---------------------------------------------------------------------------------
Start Renaming Generated Nets
---------------------------------------------------------------------------------
---------------------------------------------------------------------------------
Finished Renaming Generated Nets : Time (s): cpu = 00:00:20 ; elapsed = 00:00:21 . Memory (MB): peak = 999.609 ; gain = 0.000
---------------------------------------------------------------------------------
---------------------------------------------------------------------------------
Start Writing Synthesis Report
---------------------------------------------------------------------------------

Report BlackBoxes: 
+-+--------------+----------+
| |BlackBox name |Instances |
+-+--------------+----------+
+-+--------------+----------+

Report Cell Usage: 
+------+-------+------+
|      |Cell   |Count |
+------+-------+------+
|1     |BUFG   |     1|
|2     |CARRY4 |     5|
|3     |LUT1   |     2|
|4     |LUT2   |     4|
|5     |LUT4   |     3|
|6     |LUT5   |    17|
|7     |LUT6   |     1|
|8     |FDRE   |    18|
|9     |FDSE   |     4|
|10    |IBUF   |     3|
|11    |OBUF   |    45|
+------+-------+------+
---------------------------------------------------------------------------------
Finished Writing Synthesis Report : Time (s): cpu = 00:00:20 ; elapsed = 00:00:21 . Memory (MB): peak = 999.609 ; gain = 0.000
---------------------------------------------------------------------------------
Synthesis finished with 0 errors, 0 critical warnings and 0 warnings.
Synthesis Optimization Runtime : Time (s): cpu = 00:00:12 ; elapsed = 00:00:19 . Memory (MB): peak = 999.609 ; gain = 0.000
Synthesis Optimization Complete : Time (s): cpu = 00:00:20 ; elapsed = 00:00:21 . Memory (MB): peak = 999.609 ; gain = 0.000
INFO: [Project 1-571] Translating synthesized netlist
Netlist sorting complete. Time (s): cpu = 00:00:00 ; elapsed = 00:00:00.001 . Memory (MB): peak = 999.609 ; gain = 0.000
INFO: [Netlist 29-17] Analyzing 5 Unisim elements for replacement
INFO: [Netlist 29-28] Unisim Transformation completed in 0 CPU seconds
INFO: [Project 1-570] Preparing netlist for logic optimization
INFO: [Opt 31-138] Pushed 0 inverter(s) to 0 load pin(s).
Netlist sorting complete. Time (s): cpu = 00:00:00 ; elapsed = 00:00:00 . Memory (MB): peak = 999.609 ; gain = 0.000
INFO: [Project 1-111] Unisim Transformation Summary:
No Unisim elements were transformed.

INFO: [Common 17-83] Releasing license: Synthesis
59 Infos, 0 Warnings, 0 Critical Warnings and 0 Errors encountered.
synth_design completed successfully
synth_design: Time (s): cpu = 00:00:24 ; elapsed = 00:00:26 . Memory (MB): peak = 999.609 ; gain = 0.000
INFO: [Common 17-1381] The checkpoint 'C:/Users/sanat/Desktop/istd_4/CHAD-TO-DA-MOON/work/vivado/CHAD-TO-DA-MOON/CHAD-TO-DA-MOON.runs/synth_1/au_top_0.dcp' has been generated.
INFO: [runtcl-4] Executing : report_utilization -file au_top_0_utilization_synth.rpt -pb au_top_0_utilization_synth.pb
INFO: [Common 17-206] Exiting Vivado at Tue Mar 29 14:35:19 2022...
[Tue Mar 29 14:35:22 2022] synth_1 finished
wait_on_run: Time (s): cpu = 00:00:00 ; elapsed = 00:00:35 . Memory (MB): peak = 999.555 ; gain = 0.000
# launch_runs impl_1 -to_step write_bitstream -jobs 16
[Tue Mar 29 14:35:22 2022] Launched impl_1...
Run output will be captured here: C:/Users/sanat/Desktop/istd_4/CHAD-TO-DA-MOON/work/vivado/CHAD-TO-DA-MOON/CHAD-TO-DA-MOON.runs/impl_1/runme.log
# wait_on_run impl_1
[Tue Mar 29 14:35:22 2022] Waiting for impl_1 to finish...


*** Running vivado
    with args -log au_top_0.vdi -applog -m64 -product Vivado -messageDb vivado.pb -mode batch -source au_top_0.tcl -notrace



****** Vivado v2020.2 (64-bit)
  **** SW Build 3064766 on Wed Nov 18 09:12:45 MST 2020
  **** IP Build 3064653 on Wed Nov 18 14:17:31 MST 2020
    ** Copyright 1986-2020 Xilinx, Inc. All Rights Reserved.

source au_top_0.tcl -notrace
Command: link_design -top au_top_0 -part xc7a35tftg256-1
Design is defaulting to srcset: sources_1
Design is defaulting to constrset: constrs_1
INFO: [Device 21-403] Loading part xc7a35tftg256-1
Netlist sorting complete. Time (s): cpu = 00:00:00 ; elapsed = 00:00:00.001 . Memory (MB): peak = 1000.238 ; gain = 0.000
INFO: [Netlist 29-17] Analyzing 5 Unisim elements for replacement
INFO: [Netlist 29-28] Unisim Transformation completed in 0 CPU seconds
INFO: [Project 1-479] Netlist was created with Vivado 2020.2
INFO: [Project 1-570] Preparing netlist for logic optimization
Parsing XDC File [C:/Users/sanat/Desktop/istd_4/CHAD-TO-DA-MOON/work/constraint/alchitry.xdc]
Finished Parsing XDC File [C:/Users/sanat/Desktop/istd_4/CHAD-TO-DA-MOON/work/constraint/alchitry.xdc]
Parsing XDC File [C:/Users/sanat/Desktop/istd_4/CHAD-TO-DA-MOON/work/constraint/io.xdc]
Finished Parsing XDC File [C:/Users/sanat/Desktop/istd_4/CHAD-TO-DA-MOON/work/constraint/io.xdc]
Parsing XDC File [C:/Program Files/Alchitry/Alchitry Labs/library/components/au.xdc]
Finished Parsing XDC File [C:/Program Files/Alchitry/Alchitry Labs/library/components/au.xdc]
INFO: [Opt 31-138] Pushed 0 inverter(s) to 0 load pin(s).
Netlist sorting complete. Time (s): cpu = 00:00:00 ; elapsed = 00:00:00 . Memory (MB): peak = 1000.238 ; gain = 0.000
INFO: [Project 1-111] Unisim Transformation Summary:
No Unisim elements were transformed.

7 Infos, 0 Warnings, 0 Critical Warnings and 0 Errors encountered.
link_design completed successfully
link_design: Time (s): cpu = 00:00:06 ; elapsed = 00:00:07 . Memory (MB): peak = 1000.238 ; gain = 0.000
Command: opt_design
Attempting to get a license for feature 'Implementation' and/or device 'xc7a35t'
INFO: [Common 17-349] Got license for feature 'Implementation' and/or device 'xc7a35t'
Running DRC as a precondition to command opt_design

Starting DRC Task
INFO: [DRC 23-27] Running DRC with 2 threads
INFO: [Project 1-461] DRC finished with 0 Errors
INFO: [Project 1-462] Please refer to the DRC report (report_drc) for more information.

Time (s): cpu = 00:00:01 ; elapsed = 00:00:00.819 . Memory (MB): peak = 1000.238 ; gain = 0.000

Starting Cache Timing Information Task
INFO: [Timing 38-35] Done setting XDC timing constraints.
Ending Cache Timing Information Task | Checksum: 608e9d05

Time (s): cpu = 00:00:06 ; elapsed = 00:00:06 . Memory (MB): peak = 1230.301 ; gain = 230.062

Starting Logic Optimization Task

Phase 1 Retarget
INFO: [Opt 31-138] Pushed 0 inverter(s) to 0 load pin(s).
INFO: [Opt 31-49] Retargeted 0 cell(s).
Phase 1 Retarget | Checksum: 608e9d05

Time (s): cpu = 00:00:00 ; elapsed = 00:00:00.008 . Memory (MB): peak = 1442.398 ; gain = 0.000
INFO: [Opt 31-389] Phase Retarget created 0 cells and removed 0 cells

Phase 2 Constant propagation
INFO: [Opt 31-138] Pushed 0 inverter(s) to 0 load pin(s).
Phase 2 Constant propagation | Checksum: 608e9d05

Time (s): cpu = 00:00:00 ; elapsed = 00:00:00.009 . Memory (MB): peak = 1442.398 ; gain = 0.000
INFO: [Opt 31-389] Phase Constant propagation created 0 cells and removed 0 cells

Phase 3 Sweep
Phase 3 Sweep | Checksum: 746d0cfa

Time (s): cpu = 00:00:00 ; elapsed = 00:00:00.011 . Memory (MB): peak = 1442.398 ; gain = 0.000
INFO: [Opt 31-389] Phase Sweep created 0 cells and removed 0 cells

Phase 4 BUFG optimization
Phase 4 BUFG optimization | Checksum: 746d0cfa

Time (s): cpu = 00:00:00 ; elapsed = 00:00:00.013 . Memory (MB): peak = 1442.398 ; gain = 0.000
INFO: [Opt 31-662] Phase BUFG optimization created 0 cells of which 0 are BUFGs and removed 0 cells.

Phase 5 Shift Register Optimization
INFO: [Opt 31-1064] SRL Remap converted 0 SRLs to 0 registers and converted 0 registers of register chains to 0 SRLs
Phase 5 Shift Register Optimization | Checksum: 746d0cfa

Time (s): cpu = 00:00:00 ; elapsed = 00:00:00.013 . Memory (MB): peak = 1442.398 ; gain = 0.000
INFO: [Opt 31-389] Phase Shift Register Optimization created 0 cells and removed 0 cells

Phase 6 Post Processing Netlist
Phase 6 Post Processing Netlist | Checksum: 746d0cfa

Time (s): cpu = 00:00:00 ; elapsed = 00:00:00.014 . Memory (MB): peak = 1442.398 ; gain = 0.000
INFO: [Opt 31-389] Phase Post Processing Netlist created 0 cells and removed 0 cells
Opt_design Change Summary
=========================


-------------------------------------------------------------------------------------------------------------------------
|  Phase                        |  #Cells created  |  #Cells Removed  |  #Constrained objects preventing optimizations  |
-------------------------------------------------------------------------------------------------------------------------
|  Retarget                     |               0  |               0  |                                              0  |
|  Constant propagation         |               0  |               0  |                                              0  |
|  Sweep                        |               0  |               0  |                                              0  |
|  BUFG optimization            |               0  |               0  |                                              0  |
|  Shift Register Optimization  |               0  |               0  |                                              0  |
|  Post Processing Netlist      |               0  |               0  |                                              0  |
-------------------------------------------------------------------------------------------------------------------------



Starting Connectivity Check Task

Time (s): cpu = 00:00:00 ; elapsed = 00:00:00 . Memory (MB): peak = 1442.398 ; gain = 0.000
Ending Logic Optimization Task | Checksum: 1005858bd

Time (s): cpu = 00:00:00 ; elapsed = 00:00:00.017 . Memory (MB): peak = 1442.398 ; gain = 0.000

Starting Power Optimization Task
INFO: [Pwropt 34-132] Skipping clock gating for clocks with a period < 2.00 ns.
Ending Power Optimization Task | Checksum: 1005858bd

Time (s): cpu = 00:00:00 ; elapsed = 00:00:00.007 . Memory (MB): peak = 1442.398 ; gain = 0.000

Starting Final Cleanup Task
Ending Final Cleanup Task | Checksum: 1005858bd

Time (s): cpu = 00:00:00 ; elapsed = 00:00:00.001 . Memory (MB): peak = 1442.398 ; gain = 0.000

Starting Netlist Obfuscation Task
Netlist sorting complete. Time (s): cpu = 00:00:00 ; elapsed = 00:00:00 . Memory (MB): peak = 1442.398 ; gain = 0.000
Ending Netlist Obfuscation Task | Checksum: 1005858bd

Time (s): cpu = 00:00:00 ; elapsed = 00:00:00 . Memory (MB): peak = 1442.398 ; gain = 0.000
INFO: [Common 17-83] Releasing license: Implementation
24 Infos, 0 Warnings, 0 Critical Warnings and 0 Errors encountered.
opt_design completed successfully
opt_design: Time (s): cpu = 00:00:08 ; elapsed = 00:00:08 . Memory (MB): peak = 1442.398 ; gain = 442.160
INFO: [Timing 38-480] Writing timing data to binary archive.
Writing placer database...
Writing XDEF routing.
Writing XDEF routing logical nets.
Writing XDEF routing special nets.
Write XDEF Complete: Time (s): cpu = 00:00:01 ; elapsed = 00:00:00.032 . Memory (MB): peak = 1442.398 ; gain = 0.000
INFO: [Common 17-1381] The checkpoint 'C:/Users/sanat/Desktop/istd_4/CHAD-TO-DA-MOON/work/vivado/CHAD-TO-DA-MOON/CHAD-TO-DA-MOON.runs/impl_1/au_top_0_opt.dcp' has been generated.
INFO: [runtcl-4] Executing : report_drc -file au_top_0_drc_opted.rpt -pb au_top_0_drc_opted.pb -rpx au_top_0_drc_opted.rpx
Command: report_drc -file au_top_0_drc_opted.rpt -pb au_top_0_drc_opted.pb -rpx au_top_0_drc_opted.rpx
INFO: [IP_Flow 19-234] Refreshing IP repositories
INFO: [IP_Flow 19-1704] No user IP repositories specified
INFO: [IP_Flow 19-2313] Loaded Vivado IP repository 'C:/Xilinx/Vivado/2020.2/data/ip'.
INFO: [Timing 38-35] Done setting XDC timing constraints.
INFO: [DRC 23-27] Running DRC with 2 threads
INFO: [Coretcl 2-168] The results of DRC are in file C:/Users/sanat/Desktop/istd_4/CHAD-TO-DA-MOON/work/vivado/CHAD-TO-DA-MOON/CHAD-TO-DA-MOON.runs/impl_1/au_top_0_drc_opted.rpt.
report_drc completed successfully
Command: place_design
Attempting to get a license for feature 'Implementation' and/or device 'xc7a35t'
INFO: [Common 17-349] Got license for feature 'Implementation' and/or device 'xc7a35t'
INFO: [DRC 23-27] Running DRC with 2 threads
INFO: [Vivado_Tcl 4-198] DRC finished with 0 Errors
INFO: [Vivado_Tcl 4-199] Please refer to the DRC report (report_drc) for more information.
Running DRC as a precondition to command place_design
INFO: [DRC 23-27] Running DRC with 2 threads
INFO: [Vivado_Tcl 4-198] DRC finished with 0 Errors
INFO: [Vivado_Tcl 4-199] Please refer to the DRC report (report_drc) for more information.

Starting Placer Task
INFO: [Place 30-611] Multithreading enabled for place_design using a maximum of 2 CPUs

Phase 1 Placer Initialization

Phase 1.1 Placer Initialization Netlist Sorting
Netlist sorting complete. Time (s): cpu = 00:00:00 ; elapsed = 00:00:00 . Memory (MB): peak = 1489.461 ; gain = 0.000
Phase 1.1 Placer Initialization Netlist Sorting | Checksum: 605bc9c5

Time (s): cpu = 00:00:00 ; elapsed = 00:00:00.011 . Memory (MB): peak = 1489.461 ; gain = 0.000
Netlist sorting complete. Time (s): cpu = 00:00:00 ; elapsed = 00:00:00 . Memory (MB): peak = 1489.461 ; gain = 0.000

Phase 1.2 IO Placement/ Clock Placement/ Build Placer Device
Phase 1.2 IO Placement/ Clock Placement/ Build Placer Device | Checksum: a28fc72d

Time (s): cpu = 00:00:00 ; elapsed = 00:00:00.219 . Memory (MB): peak = 1489.461 ; gain = 0.000

Phase 1.3 Build Placer Netlist Model
Phase 1.3 Build Placer Netlist Model | Checksum: 101849f78

Time (s): cpu = 00:00:00 ; elapsed = 00:00:00.281 . Memory (MB): peak = 1489.461 ; gain = 0.000

Phase 1.4 Constrain Clocks/Macros
Phase 1.4 Constrain Clocks/Macros | Checksum: 101849f78

Time (s): cpu = 00:00:00 ; elapsed = 00:00:00.283 . Memory (MB): peak = 1489.461 ; gain = 0.000
Phase 1 Placer Initialization | Checksum: 101849f78

Time (s): cpu = 00:00:00 ; elapsed = 00:00:00.284 . Memory (MB): peak = 1489.461 ; gain = 0.000

Phase 2 Global Placement

Phase 2.1 Floorplanning
Phase 2.1 Floorplanning | Checksum: ab04e34c

Time (s): cpu = 00:00:00 ; elapsed = 00:00:00.359 . Memory (MB): peak = 1489.461 ; gain = 0.000

Phase 2.2 Update Timing before SLR Path Opt
Phase 2.2 Update Timing before SLR Path Opt | Checksum: 1399e4b86

Time (s): cpu = 00:00:01 ; elapsed = 00:00:00.400 . Memory (MB): peak = 1489.461 ; gain = 0.000

Phase 2.3 Global Placement Core

Phase 2.3.1 Physical Synthesis In Placer
INFO: [Physopt 32-1044] Break lutnm for timing: one critical 0, two critical 0, total 0, new lutff created 0
INFO: [Physopt 32-775] End 1 Pass. Optimized 0 net or cell. Created 0 new cell, deleted 0 existing cell and moved 0 existing cell
INFO: [Physopt 32-65] No nets found for high-fanout optimization.
INFO: [Physopt 32-232] Optimized 0 net. Created 0 new instance.
INFO: [Physopt 32-775] End 1 Pass. Optimized 0 net or cell. Created 0 new cell, deleted 0 existing cell and moved 0 existing cell
INFO: [Physopt 32-670] No setup violation found.  DSP Register Optimization was not performed.
INFO: [Physopt 32-670] No setup violation found.  Shift Register to Pipeline Optimization was not performed.
INFO: [Physopt 32-670] No setup violation found.  Shift Register Optimization was not performed.
INFO: [Physopt 32-670] No setup violation found.  BRAM Register Optimization was not performed.
INFO: [Physopt 32-670] No setup violation found.  URAM Register Optimization was not performed.
INFO: [Physopt 32-949] No candidate nets found for dynamic/static region interface net replication
INFO: [Physopt 32-775] End 1 Pass. Optimized 0 net or cell. Created 0 new cell, deleted 0 existing cell and moved 0 existing cell
Netlist sorting complete. Time (s): cpu = 00:00:00 ; elapsed = 00:00:00 . Memory (MB): peak = 1489.461 ; gain = 0.000

Summary of Physical Synthesis Optimizations
============================================


-----------------------------------------------------------------------------------------------------------------------------------------------------------
|  Optimization                                     |  Added Cells  |  Removed Cells  |  Optimized Cells/Nets  |  Dont Touch  |  Iterations  |  Elapsed   |
-----------------------------------------------------------------------------------------------------------------------------------------------------------
|  LUT Combining                                    |            0  |              0  |                     0  |           0  |           1  |  00:00:00  |
|  Very High Fanout                                 |            0  |              0  |                     0  |           0  |           1  |  00:00:00  |
|  DSP Register                                     |            0  |              0  |                     0  |           0  |           0  |  00:00:00  |
|  Shift Register to Pipeline                       |            0  |              0  |                     0  |           0  |           0  |  00:00:00  |
|  Shift Register                                   |            0  |              0  |                     0  |           0  |           0  |  00:00:00  |
|  BRAM Register                                    |            0  |              0  |                     0  |           0  |           0  |  00:00:00  |
|  URAM Register                                    |            0  |              0  |                     0  |           0  |           0  |  00:00:00  |
|  Dynamic/Static Region Interface Net Replication  |            0  |              0  |                     0  |           0  |           1  |  00:00:00  |
|  Total                                            |            0  |              0  |                     0  |           0  |           3  |  00:00:00  |
-----------------------------------------------------------------------------------------------------------------------------------------------------------


Phase 2.3.1 Physical Synthesis In Placer | Checksum: 13d6bf9f4

Time (s): cpu = 00:00:01 ; elapsed = 00:00:00.923 . Memory (MB): peak = 1489.461 ; gain = 0.000
Phase 2.3 Global Placement Core | Checksum: a816155c

Time (s): cpu = 00:00:01 ; elapsed = 00:00:00.939 . Memory (MB): peak = 1489.461 ; gain = 0.000
Phase 2 Global Placement | Checksum: a816155c

Time (s): cpu = 00:00:01 ; elapsed = 00:00:00.940 . Memory (MB): peak = 1489.461 ; gain = 0.000

Phase 3 Detail Placement

Phase 3.1 Commit Multi Column Macros
Phase 3.1 Commit Multi Column Macros | Checksum: 174862841

Time (s): cpu = 00:00:02 ; elapsed = 00:00:00.980 . Memory (MB): peak = 1489.461 ; gain = 0.000

Phase 3.2 Commit Most Macros & LUTRAMs
Phase 3.2 Commit Most Macros & LUTRAMs | Checksum: dda32e52

Time (s): cpu = 00:00:02 ; elapsed = 00:00:01 . Memory (MB): peak = 1489.461 ; gain = 0.000

Phase 3.3 Area Swap Optimization
Phase 3.3 Area Swap Optimization | Checksum: cbd06519

Time (s): cpu = 00:00:02 ; elapsed = 00:00:01 . Memory (MB): peak = 1489.461 ; gain = 0.000

Phase 3.4 Pipeline Register Optimization
Phase 3.4 Pipeline Register Optimization | Checksum: 9eac3888

Time (s): cpu = 00:00:02 ; elapsed = 00:00:01 . Memory (MB): peak = 1489.461 ; gain = 0.000

Phase 3.5 Small Shape Detail Placement
Phase 3.5 Small Shape Detail Placement | Checksum: 129fad990

Time (s): cpu = 00:00:02 ; elapsed = 00:00:01 . Memory (MB): peak = 1489.461 ; gain = 0.000

Phase 3.6 Re-assign LUT pins
Phase 3.6 Re-assign LUT pins | Checksum: 129fad990

Time (s): cpu = 00:00:02 ; elapsed = 00:00:01 . Memory (MB): peak = 1489.461 ; gain = 0.000

Phase 3.7 Pipeline Register Optimization
Phase 3.7 Pipeline Register Optimization | Checksum: 1dce6a5ff

Time (s): cpu = 00:00:02 ; elapsed = 00:00:01 . Memory (MB): peak = 1489.461 ; gain = 0.000
Phase 3 Detail Placement | Checksum: 1dce6a5ff

Time (s): cpu = 00:00:02 ; elapsed = 00:00:01 . Memory (MB): peak = 1489.461 ; gain = 0.000

Phase 4 Post Placement Optimization and Clean-Up

Phase 4.1 Post Commit Optimization
INFO: [Timing 38-35] Done setting XDC timing constraints.

Phase 4.1.1 Post Placement Optimization
Post Placement Optimization Initialization | Checksum: 198d05a95

Phase 4.1.1.1 BUFG Insertion

Starting Physical Synthesis Task

Phase 1 Physical Synthesis Initialization
INFO: [Physopt 32-721] Multithreading enabled for phys_opt_design using a maximum of 2 CPUs
INFO: [Physopt 32-619] Estimated Timing Summary | WNS=7.072 | TNS=0.000 |
Phase 1 Physical Synthesis Initialization | Checksum: 154deeb3c

Time (s): cpu = 00:00:00 ; elapsed = 00:00:00.007 . Memory (MB): peak = 1489.461 ; gain = 0.000
INFO: [Place 46-56] BUFG insertion identified 0 candidate nets. Inserted BUFG: 0, Replicated BUFG Driver: 0, Skipped due to Placement/Routing Conflicts: 0, Skipped due to Timing Degradation: 0, Skipped due to Illegal Netlist: 0.
Ending Physical Synthesis Task | Checksum: 1f0b5c8ce

Time (s): cpu = 00:00:00 ; elapsed = 00:00:00.008 . Memory (MB): peak = 1489.461 ; gain = 0.000
Phase 4.1.1.1 BUFG Insertion | Checksum: 198d05a95

Time (s): cpu = 00:00:02 ; elapsed = 00:00:01 . Memory (MB): peak = 1489.461 ; gain = 0.000
INFO: [Place 30-746] Post Placement Timing Summary WNS=7.072. For the most accurate timing information please run report_timing.

Time (s): cpu = 00:00:02 ; elapsed = 00:00:01 . Memory (MB): peak = 1489.461 ; gain = 0.000
Phase 4.1 Post Commit Optimization | Checksum: 2457da624

Time (s): cpu = 00:00:02 ; elapsed = 00:00:01 . Memory (MB): peak = 1489.461 ; gain = 0.000

Phase 4.2 Post Placement Cleanup
Phase 4.2 Post Placement Cleanup | Checksum: 2457da624

Time (s): cpu = 00:00:02 ; elapsed = 00:00:01 . Memory (MB): peak = 1489.461 ; gain = 0.000

Phase 4.3 Placer Reporting

Phase 4.3.1 Print Estimated Congestion
INFO: [Place 30-612] Post-Placement Estimated Congestion 
 ____________________________________________________
|           | Global Congestion | Short Congestion  |
| Direction | Region Size       | Region Size       |
|___________|___________________|___________________|
|      North|                1x1|                1x1|
|___________|___________________|___________________|
|      South|                1x1|                1x1|
|___________|___________________|___________________|
|       East|                1x1|                1x1|
|___________|___________________|___________________|
|       West|                1x1|                1x1|
|___________|___________________|___________________|

Phase 4.3.1 Print Estimated Congestion | Checksum: 2457da624

Time (s): cpu = 00:00:02 ; elapsed = 00:00:01 . Memory (MB): peak = 1489.461 ; gain = 0.000
Phase 4.3 Placer Reporting | Checksum: 2457da624

Time (s): cpu = 00:00:02 ; elapsed = 00:00:01 . Memory (MB): peak = 1489.461 ; gain = 0.000

Phase 4.4 Final Placement Cleanup
Netlist sorting complete. Time (s): cpu = 00:00:00 ; elapsed = 00:00:00 . Memory (MB): peak = 1489.461 ; gain = 0.000

Time (s): cpu = 00:00:02 ; elapsed = 00:00:01 . Memory (MB): peak = 1489.461 ; gain = 0.000
Phase 4 Post Placement Optimization and Clean-Up | Checksum: 24d468fa8

Time (s): cpu = 00:00:02 ; elapsed = 00:00:01 . Memory (MB): peak = 1489.461 ; gain = 0.000
Ending Placer Task | Checksum: 15882235a

Time (s): cpu = 00:00:02 ; elapsed = 00:00:01 . Memory (MB): peak = 1489.461 ; gain = 0.000
INFO: [Common 17-83] Releasing license: Implementation
60 Infos, 0 Warnings, 0 Critical Warnings and 0 Errors encountered.
place_design completed successfully
INFO: [Timing 38-480] Writing timing data to binary archive.
Writing placer database...
Writing XDEF routing.
Writing XDEF routing logical nets.
Writing XDEF routing special nets.
Write XDEF Complete: Time (s): cpu = 00:00:00 ; elapsed = 00:00:00.038 . Memory (MB): peak = 1489.461 ; gain = 0.000
INFO: [Common 17-1381] The checkpoint 'C:/Users/sanat/Desktop/istd_4/CHAD-TO-DA-MOON/work/vivado/CHAD-TO-DA-MOON/CHAD-TO-DA-MOON.runs/impl_1/au_top_0_placed.dcp' has been generated.
INFO: [runtcl-4] Executing : report_io -file au_top_0_io_placed.rpt
report_io: Time (s): cpu = 00:00:00 ; elapsed = 00:00:00.044 . Memory (MB): peak = 1489.461 ; gain = 0.000
INFO: [runtcl-4] Executing : report_utilization -file au_top_0_utilization_placed.rpt -pb au_top_0_utilization_placed.pb
INFO: [runtcl-4] Executing : report_control_sets -verbose -file au_top_0_control_sets_placed.rpt
report_control_sets: Time (s): cpu = 00:00:00 ; elapsed = 00:00:00.001 . Memory (MB): peak = 1489.461 ; gain = 0.000
Command: phys_opt_design
Attempting to get a license for feature 'Implementation' and/or device 'xc7a35t'
INFO: [Common 17-349] Got license for feature 'Implementation' and/or device 'xc7a35t'
INFO: [Vivado_Tcl 4-383] Design worst setup slack (WNS) is greater than or equal to 0.000 ns. Skipping all physical synthesis optimizations.
INFO: [Vivado_Tcl 4-232] No setup violation found. The netlist was not modified.
INFO: [Common 17-83] Releasing license: Implementation
69 Infos, 0 Warnings, 0 Critical Warnings and 0 Errors encountered.
phys_opt_design completed successfully
INFO: [Timing 38-480] Writing timing data to binary archive.
Writing placer database...
Writing XDEF routing.
Writing XDEF routing logical nets.
Writing XDEF routing special nets.
Write XDEF Complete: Time (s): cpu = 00:00:00 ; elapsed = 00:00:00.034 . Memory (MB): peak = 1489.461 ; gain = 0.000
INFO: [Common 17-1381] The checkpoint 'C:/Users/sanat/Desktop/istd_4/CHAD-TO-DA-MOON/work/vivado/CHAD-TO-DA-MOON/CHAD-TO-DA-MOON.runs/impl_1/au_top_0_physopt.dcp' has been generated.
Command: route_design
Attempting to get a license for feature 'Implementation' and/or device 'xc7a35t'
INFO: [Common 17-349] Got license for feature 'Implementation' and/or device 'xc7a35t'
Running DRC as a precondition to command route_design
INFO: [DRC 23-27] Running DRC with 2 threads
INFO: [Vivado_Tcl 4-198] DRC finished with 0 Errors
INFO: [Vivado_Tcl 4-199] Please refer to the DRC report (report_drc) for more information.


Starting Routing Task
INFO: [Route 35-254] Multithreading enabled for route_design using a maximum of 2 CPUs
Checksum: PlaceDB: e3edfe51 ConstDB: 0 ShapeSum: 74942509 RouteDB: 0

Phase 1 Build RT Design
Phase 1 Build RT Design | Checksum: 100bace75

Time (s): cpu = 00:00:14 ; elapsed = 00:00:13 . Memory (MB): peak = 1579.859 ; gain = 82.309
Post Restoration Checksum: NetGraph: cb63e74c NumContArr: 3556e729 Constraints: 0 Timing: 0

Phase 2 Router Initialization

Phase 2.1 Create Timer
Phase 2.1 Create Timer | Checksum: 100bace75

Time (s): cpu = 00:00:14 ; elapsed = 00:00:13 . Memory (MB): peak = 1579.859 ; gain = 82.309

Phase 2.2 Fix Topology Constraints
Phase 2.2 Fix Topology Constraints | Checksum: 100bace75

Time (s): cpu = 00:00:14 ; elapsed = 00:00:13 . Memory (MB): peak = 1585.852 ; gain = 88.301

Phase 2.3 Pre Route Cleanup
Phase 2.3 Pre Route Cleanup | Checksum: 100bace75

Time (s): cpu = 00:00:14 ; elapsed = 00:00:13 . Memory (MB): peak = 1585.852 ; gain = 88.301
 Number of Nodes with overlaps = 0

Phase 2.4 Update Timing
Phase 2.4 Update Timing | Checksum: 26f032e0f

Time (s): cpu = 00:00:14 ; elapsed = 00:00:13 . Memory (MB): peak = 1590.434 ; gain = 92.883
INFO: [Route 35-416] Intermediate Timing Summary | WNS=6.989  | TNS=0.000  | WHS=-0.049 | THS=-0.115 |

Phase 2 Router Initialization | Checksum: 2184a0a5b

Time (s): cpu = 00:00:14 ; elapsed = 00:00:13 . Memory (MB): peak = 1590.434 ; gain = 92.883

Router Utilization Summary
  Global Vertical Routing Utilization    = 0 %
  Global Horizontal Routing Utilization  = 0 %
  Routable Net Status*
  *Does not include unroutable nets such as driverless and loadless.
  Run report_route_status for detailed report.
  Number of Failed Nets               = 54
    (Failed Nets is the sum of unrouted and partially routed nets)
  Number of Unrouted Nets             = 54
  Number of Partially Routed Nets     = 0
  Number of Node Overlaps             = 0


Phase 3 Initial Routing

Phase 3.1 Global Routing
Phase 3.1 Global Routing | Checksum: 2184a0a5b

Time (s): cpu = 00:00:15 ; elapsed = 00:00:13 . Memory (MB): peak = 1592.199 ; gain = 94.648
Phase 3 Initial Routing | Checksum: 121dfbe48

Time (s): cpu = 00:00:15 ; elapsed = 00:00:13 . Memory (MB): peak = 1592.199 ; gain = 94.648

Phase 4 Rip-up And Reroute

Phase 4.1 Global Iteration 0
 Number of Nodes with overlaps = 2
 Number of Nodes with overlaps = 0
INFO: [Route 35-416] Intermediate Timing Summary | WNS=6.708  | TNS=0.000  | WHS=N/A    | THS=N/A    |

Phase 4.1 Global Iteration 0 | Checksum: 1f4af55be

Time (s): cpu = 00:00:15 ; elapsed = 00:00:13 . Memory (MB): peak = 1592.199 ; gain = 94.648
Phase 4 Rip-up And Reroute | Checksum: 1f4af55be

Time (s): cpu = 00:00:15 ; elapsed = 00:00:13 . Memory (MB): peak = 1592.199 ; gain = 94.648

Phase 5 Delay and Skew Optimization

Phase 5.1 Delay CleanUp
Phase 5.1 Delay CleanUp | Checksum: 1f4af55be

Time (s): cpu = 00:00:15 ; elapsed = 00:00:13 . Memory (MB): peak = 1592.199 ; gain = 94.648

Phase 5.2 Clock Skew Optimization
Phase 5.2 Clock Skew Optimization | Checksum: 1f4af55be

Time (s): cpu = 00:00:15 ; elapsed = 00:00:13 . Memory (MB): peak = 1592.199 ; gain = 94.648
Phase 5 Delay and Skew Optimization | Checksum: 1f4af55be

Time (s): cpu = 00:00:15 ; elapsed = 00:00:13 . Memory (MB): peak = 1592.199 ; gain = 94.648

Phase 6 Post Hold Fix

Phase 6.1 Hold Fix Iter

Phase 6.1.1 Update Timing
Phase 6.1.1 Update Timing | Checksum: 259d47e76

Time (s): cpu = 00:00:15 ; elapsed = 00:00:13 . Memory (MB): peak = 1592.199 ; gain = 94.648
INFO: [Route 35-416] Intermediate Timing Summary | WNS=6.801  | TNS=0.000  | WHS=0.256  | THS=0.000  |

Phase 6.1 Hold Fix Iter | Checksum: 259d47e76

Time (s): cpu = 00:00:15 ; elapsed = 00:00:13 . Memory (MB): peak = 1592.199 ; gain = 94.648
Phase 6 Post Hold Fix | Checksum: 259d47e76

Time (s): cpu = 00:00:15 ; elapsed = 00:00:13 . Memory (MB): peak = 1592.199 ; gain = 94.648

Phase 7 Route finalize

Router Utilization Summary
  Global Vertical Routing Utilization    = 0.0138723 %
  Global Horizontal Routing Utilization  = 0.00650703 %
  Routable Net Status*
  *Does not include unroutable nets such as driverless and loadless.
  Run report_route_status for detailed report.
  Number of Failed Nets               = 0
    (Failed Nets is the sum of unrouted and partially routed nets)
  Number of Unrouted Nets             = 0
  Number of Partially Routed Nets     = 0
  Number of Node Overlaps             = 0

Phase 7 Route finalize | Checksum: 259d47e76

Time (s): cpu = 00:00:15 ; elapsed = 00:00:13 . Memory (MB): peak = 1592.199 ; gain = 94.648

Phase 8 Verifying routed nets

 Verification completed successfully
Phase 8 Verifying routed nets | Checksum: 259d47e76

Time (s): cpu = 00:00:15 ; elapsed = 00:00:13 . Memory (MB): peak = 1592.836 ; gain = 95.285

Phase 9 Depositing Routes
Phase 9 Depositing Routes | Checksum: 1af669045

Time (s): cpu = 00:00:15 ; elapsed = 00:00:13 . Memory (MB): peak = 1592.836 ; gain = 95.285

Phase 10 Post Router Timing
INFO: [Route 35-57] Estimated Timing Summary | WNS=6.801  | TNS=0.000  | WHS=0.256  | THS=0.000  |

INFO: [Route 35-327] The final timing numbers are based on the router estimated timing analysis. For a complete and accurate timing signoff, please run report_timing_summary.
Phase 10 Post Router Timing | Checksum: 1af669045

Time (s): cpu = 00:00:15 ; elapsed = 00:00:13 . Memory (MB): peak = 1592.836 ; gain = 95.285
INFO: [Route 35-16] Router Completed Successfully

Time (s): cpu = 00:00:15 ; elapsed = 00:00:13 . Memory (MB): peak = 1592.836 ; gain = 95.285

Routing Is Done.
INFO: [Common 17-83] Releasing license: Implementation
83 Infos, 0 Warnings, 0 Critical Warnings and 0 Errors encountered.
route_design completed successfully
route_design: Time (s): cpu = 00:00:17 ; elapsed = 00:00:14 . Memory (MB): peak = 1592.836 ; gain = 103.375
INFO: [Timing 38-480] Writing timing data to binary archive.
Writing placer database...
Writing XDEF routing.
Writing XDEF routing logical nets.
Writing XDEF routing special nets.
Write XDEF Complete: Time (s): cpu = 00:00:00 ; elapsed = 00:00:00.035 . Memory (MB): peak = 1602.730 ; gain = 9.895
INFO: [Common 17-1381] The checkpoint 'C:/Users/sanat/Desktop/istd_4/CHAD-TO-DA-MOON/work/vivado/CHAD-TO-DA-MOON/CHAD-TO-DA-MOON.runs/impl_1/au_top_0_routed.dcp' has been generated.
INFO: [runtcl-4] Executing : report_drc -file au_top_0_drc_routed.rpt -pb au_top_0_drc_routed.pb -rpx au_top_0_drc_routed.rpx
Command: report_drc -file au_top_0_drc_routed.rpt -pb au_top_0_drc_routed.pb -rpx au_top_0_drc_routed.rpx
INFO: [IP_Flow 19-1839] IP Catalog is up to date.
INFO: [DRC 23-27] Running DRC with 2 threads
INFO: [Coretcl 2-168] The results of DRC are in file C:/Users/sanat/Desktop/istd_4/CHAD-TO-DA-MOON/work/vivado/CHAD-TO-DA-MOON/CHAD-TO-DA-MOON.runs/impl_1/au_top_0_drc_routed.rpt.
report_drc completed successfully
INFO: [runtcl-4] Executing : report_methodology -file au_top_0_methodology_drc_routed.rpt -pb au_top_0_methodology_drc_routed.pb -rpx au_top_0_methodology_drc_routed.rpx
Command: report_methodology -file au_top_0_methodology_drc_routed.rpt -pb au_top_0_methodology_drc_routed.pb -rpx au_top_0_methodology_drc_routed.rpx
INFO: [Timing 38-35] Done setting XDC timing constraints.
INFO: [DRC 23-133] Running Methodology with 2 threads
INFO: [Coretcl 2-1520] The results of Report Methodology are in file C:/Users/sanat/Desktop/istd_4/CHAD-TO-DA-MOON/work/vivado/CHAD-TO-DA-MOON/CHAD-TO-DA-MOON.runs/impl_1/au_top_0_methodology_drc_routed.rpt.
report_methodology completed successfully
INFO: [runtcl-4] Executing : report_power -file au_top_0_power_routed.rpt -pb au_top_0_power_summary_routed.pb -rpx au_top_0_power_routed.rpx
Command: report_power -file au_top_0_power_routed.rpt -pb au_top_0_power_summary_routed.pb -rpx au_top_0_power_routed.rpx
INFO: [Timing 38-35] Done setting XDC timing constraints.
Running Vector-less Activity Propagation...

Finished Running Vector-less Activity Propagation
95 Infos, 0 Warnings, 0 Critical Warnings and 0 Errors encountered.
report_power completed successfully
INFO: [runtcl-4] Executing : report_route_status -file au_top_0_route_status.rpt -pb au_top_0_route_status.pb
INFO: [runtcl-4] Executing : report_timing_summary -max_paths 10 -file au_top_0_timing_summary_routed.rpt -pb au_top_0_timing_summary_routed.pb -rpx au_top_0_timing_summary_routed.rpx -warn_on_violation 
INFO: [Timing 38-91] UpdateTimingParams: Speed grade: -1, Delay Type: min_max.
INFO: [Timing 38-191] Multithreading enabled for timing update using a maximum of 2 CPUs
INFO: [runtcl-4] Executing : report_incremental_reuse -file au_top_0_incremental_reuse_routed.rpt
INFO: [Vivado_Tcl 4-1062] Incremental flow is disabled. No incremental reuse Info to report.
INFO: [runtcl-4] Executing : report_clock_utilization -file au_top_0_clock_utilization_routed.rpt
INFO: [runtcl-4] Executing : report_bus_skew -warn_on_violation -file au_top_0_bus_skew_routed.rpt -pb au_top_0_bus_skew_routed.pb -rpx au_top_0_bus_skew_routed.rpx
INFO: [Timing 38-91] UpdateTimingParams: Speed grade: -1, Delay Type: min_max.
INFO: [Timing 38-191] Multithreading enabled for timing update using a maximum of 2 CPUs
Command: write_bitstream -force au_top_0.bit -bin_file
Attempting to get a license for feature 'Implementation' and/or device 'xc7a35t'
INFO: [Common 17-349] Got license for feature 'Implementation' and/or device 'xc7a35t'
Running DRC as a precondition to command write_bitstream
INFO: [IP_Flow 19-1839] IP Catalog is up to date.
INFO: [DRC 23-27] Running DRC with 2 threads
INFO: [Vivado 12-3199] DRC finished with 0 Errors
INFO: [Vivado 12-3200] Please refer to the DRC report (report_drc) for more information.
INFO: [Designutils 20-2272] Running write_bitstream with 2 threads.
Loading data files...
Loading site data...
Loading route data...
Processing options...
Creating bitmap...
Creating bitstream...
Bitstream compression saved 15610784 bits.
Writing bitstream ./au_top_0.bit...
Writing bitstream ./au_top_0.bin...
INFO: [Vivado 12-1842] Bitgen Completed Successfully.
INFO: [Project 1-120] WebTalk data collection is mandatory when using a WebPACK part without a full Vivado license. To see the specific WebTalk data collected for your design, open the usage_statistics_webtalk.html or usage_statistics_webtalk.xml file in the implementation directory.
INFO: [Common 17-186] 'C:/Users/sanat/Desktop/istd_4/CHAD-TO-DA-MOON/work/vivado/CHAD-TO-DA-MOON/CHAD-TO-DA-MOON.runs/impl_1/usage_statistics_webtalk.xml' has been successfully sent to Xilinx on Tue Mar 29 14:36:20 2022. For additional details about this file, please refer to the WebTalk help file at C:/Xilinx/Vivado/2020.2/doc/webtalk_introduction.html.
INFO: [Common 17-83] Releasing license: Implementation
13 Infos, 0 Warnings, 0 Critical Warnings and 0 Errors encountered.
write_bitstream completed successfully
write_bitstream: Time (s): cpu = 00:00:09 ; elapsed = 00:00:12 . Memory (MB): peak = 2070.668 ; gain = 432.273
INFO: [Common 17-206] Exiting Vivado at Tue Mar 29 14:36:20 2022...
[Tue Mar 29 14:36:23 2022] impl_1 finished
wait_on_run: Time (s): cpu = 00:00:00 ; elapsed = 00:01:01 . Memory (MB): peak = 999.555 ; gain = 0.000
INFO: [Common 17-206] Exiting Vivado at Tue Mar 29 14:36:23 2022...
Vivado exited.

Finished building project.
